<?xml version="1.0" encoding="UTF-8"?>
<testsuite name="com.jumismo.citame.apiempresas.service.EmployeeServiceTest" tests="1" skipped="0" failures="0" errors="0" timestamp="2021-02-07T01:02:35" hostname="DESKTOP-QHMUSIV" time="0.055">
  <properties/>
  <testcase name="addEmployeeTest()" classname="com.jumismo.citame.apiempresas.service.EmployeeServiceTest" time="0.055"/>
  <system-out><![CDATA[2021-02-07 02:02:35.677  INFO 2280 --- [    Test worker] .b.t.c.SpringBootTestContextBootstrapper : Neither @ContextConfiguration nor @ContextHierarchy found for test class [com.jumismo.citame.apiempresas.service.EmployeeServiceTest], using SpringBootContextLoader
2021-02-07 02:02:35.679  INFO 2280 --- [    Test worker] o.s.t.c.support.AbstractContextLoader    : Could not detect default resource locations for test class [com.jumismo.citame.apiempresas.service.EmployeeServiceTest]: no resource found for suffixes {-context.xml, Context.groovy}.
2021-02-07 02:02:35.679  INFO 2280 --- [    Test worker] t.c.s.AnnotationConfigContextLoaderUtils : Could not detect default configuration classes for test class [com.jumismo.citame.apiempresas.service.EmployeeServiceTest]: EmployeeServiceTest does not declare any static, non-private, non-final, nested classes annotated with @Configuration.
2021-02-07 02:02:35.687  INFO 2280 --- [    Test worker] .b.t.c.SpringBootTestContextBootstrapper : Found @SpringBootConfiguration com.jumismo.citame.apiempresas.ApiCitameEsmpresasApplication for test class com.jumismo.citame.apiempresas.service.EmployeeServiceTest
2021-02-07 02:02:35.690  INFO 2280 --- [    Test worker] .b.t.c.SpringBootTestContextBootstrapper : Loaded default TestExecutionListener class names from location [META-INF/spring.factories]: [org.springframework.boot.test.autoconfigure.restdocs.RestDocsTestExecutionListener, org.springframework.boot.test.autoconfigure.web.client.MockRestServiceServerResetTestExecutionListener, org.springframework.boot.test.autoconfigure.web.servlet.MockMvcPrintOnlyOnFailureTestExecutionListener, org.springframework.boot.test.autoconfigure.web.servlet.WebDriverTestExecutionListener, org.springframework.boot.test.autoconfigure.webservices.client.MockWebServiceServerTestExecutionListener, org.springframework.boot.test.mock.mockito.MockitoTestExecutionListener, org.springframework.boot.test.mock.mockito.ResetMocksTestExecutionListener, org.springframework.test.context.web.ServletTestExecutionListener, org.springframework.test.context.support.DirtiesContextBeforeModesTestExecutionListener, org.springframework.test.context.support.DependencyInjectionTestExecutionListener, org.springframework.test.context.support.DirtiesContextTestExecutionListener, org.springframework.test.context.transaction.TransactionalTestExecutionListener, org.springframework.test.context.jdbc.SqlScriptsTestExecutionListener, org.springframework.test.context.event.EventPublishingTestExecutionListener]
2021-02-07 02:02:35.691  INFO 2280 --- [    Test worker] .b.t.c.SpringBootTestContextBootstrapper : Using TestExecutionListeners: [org.springframework.test.context.web.ServletTestExecutionListener@644dbbc5, org.springframework.test.context.support.DirtiesContextBeforeModesTestExecutionListener@e7ed21e, org.springframework.boot.test.mock.mockito.MockitoTestExecutionListener@7bca0589, org.springframework.boot.test.autoconfigure.SpringBootDependencyInjectionTestExecutionListener@29bbbd24, org.springframework.test.context.support.DirtiesContextTestExecutionListener@2021b845, org.springframework.test.context.transaction.TransactionalTestExecutionListener@58b7707d, org.springframework.test.context.jdbc.SqlScriptsTestExecutionListener@737ad0af, org.springframework.test.context.event.EventPublishingTestExecutionListener@7dc1179, org.springframework.boot.test.autoconfigure.restdocs.RestDocsTestExecutionListener@2a127257, org.springframework.boot.test.autoconfigure.web.client.MockRestServiceServerResetTestExecutionListener@49c5cbf0, org.springframework.boot.test.autoconfigure.web.servlet.MockMvcPrintOnlyOnFailureTestExecutionListener@6c9f95cf, org.springframework.boot.test.autoconfigure.web.servlet.WebDriverTestExecutionListener@baf06fc, org.springframework.boot.test.autoconfigure.webservices.client.MockWebServiceServerTestExecutionListener@32165d14, org.springframework.boot.test.mock.mockito.ResetMocksTestExecutionListener@55eb9aed]
]]></system-out>
  <system-err><![CDATA[]]></system-err>
</testsuite>
