<?xml version="1.0" encoding="UTF-8"?>
<testsuite name="com.jumismo.citame.apiempresas.dao.EntrepriseDAOTest" tests="4" skipped="0" failures="0" errors="0" timestamp="2021-02-07T01:02:35" hostname="DESKTOP-QHMUSIV" time="0.134">
  <properties/>
  <testcase name="removeEntrepriseTest()" classname="com.jumismo.citame.apiempresas.dao.EntrepriseDAOTest" time="0.007"/>
  <testcase name="addEntrepriseTest()" classname="com.jumismo.citame.apiempresas.dao.EntrepriseDAOTest" time="0.007"/>
  <testcase name="getEntrepriseByIdTest()" classname="com.jumismo.citame.apiempresas.dao.EntrepriseDAOTest" time="0.107"/>
  <testcase name="getAllEntrepriseTest()" classname="com.jumismo.citame.apiempresas.dao.EntrepriseDAOTest" time="0.009"/>
  <system-out><![CDATA[2021-02-07 02:02:35.474  INFO 2280 --- [    Test worker] .b.t.c.SpringBootTestContextBootstrapper : Neither @ContextConfiguration nor @ContextHierarchy found for test class [com.jumismo.citame.apiempresas.dao.EntrepriseDAOTest], using SpringBootContextLoader
2021-02-07 02:02:35.476  INFO 2280 --- [    Test worker] o.s.t.c.support.AbstractContextLoader    : Could not detect default resource locations for test class [com.jumismo.citame.apiempresas.dao.EntrepriseDAOTest]: no resource found for suffixes {-context.xml, Context.groovy}.
2021-02-07 02:02:35.476  INFO 2280 --- [    Test worker] t.c.s.AnnotationConfigContextLoaderUtils : Could not detect default configuration classes for test class [com.jumismo.citame.apiempresas.dao.EntrepriseDAOTest]: EntrepriseDAOTest does not declare any static, non-private, non-final, nested classes annotated with @Configuration.
2021-02-07 02:02:35.480  INFO 2280 --- [    Test worker] .b.t.c.SpringBootTestContextBootstrapper : Found @SpringBootConfiguration com.jumismo.citame.apiempresas.ApiCitameEsmpresasApplication for test class com.jumismo.citame.apiempresas.dao.EntrepriseDAOTest
2021-02-07 02:02:35.484  INFO 2280 --- [    Test worker] .b.t.c.SpringBootTestContextBootstrapper : Loaded default TestExecutionListener class names from location [META-INF/spring.factories]: [org.springframework.boot.test.autoconfigure.restdocs.RestDocsTestExecutionListener, org.springframework.boot.test.autoconfigure.web.client.MockRestServiceServerResetTestExecutionListener, org.springframework.boot.test.autoconfigure.web.servlet.MockMvcPrintOnlyOnFailureTestExecutionListener, org.springframework.boot.test.autoconfigure.web.servlet.WebDriverTestExecutionListener, org.springframework.boot.test.autoconfigure.webservices.client.MockWebServiceServerTestExecutionListener, org.springframework.boot.test.mock.mockito.MockitoTestExecutionListener, org.springframework.boot.test.mock.mockito.ResetMocksTestExecutionListener, org.springframework.test.context.web.ServletTestExecutionListener, org.springframework.test.context.support.DirtiesContextBeforeModesTestExecutionListener, org.springframework.test.context.support.DependencyInjectionTestExecutionListener, org.springframework.test.context.support.DirtiesContextTestExecutionListener, org.springframework.test.context.transaction.TransactionalTestExecutionListener, org.springframework.test.context.jdbc.SqlScriptsTestExecutionListener, org.springframework.test.context.event.EventPublishingTestExecutionListener]
2021-02-07 02:02:35.484  INFO 2280 --- [    Test worker] .b.t.c.SpringBootTestContextBootstrapper : Using TestExecutionListeners: [org.springframework.test.context.web.ServletTestExecutionListener@23e4ac31, org.springframework.test.context.support.DirtiesContextBeforeModesTestExecutionListener@17b7945b, org.springframework.boot.test.mock.mockito.MockitoTestExecutionListener@67f620f3, org.springframework.boot.test.autoconfigure.SpringBootDependencyInjectionTestExecutionListener@4a5a0ad9, org.springframework.test.context.support.DirtiesContextTestExecutionListener@4cd9b287, org.springframework.test.context.transaction.TransactionalTestExecutionListener@6767f20b, org.springframework.test.context.jdbc.SqlScriptsTestExecutionListener@31c0b7ac, org.springframework.test.context.event.EventPublishingTestExecutionListener@2bd67f8f, org.springframework.boot.test.autoconfigure.restdocs.RestDocsTestExecutionListener@2a9abdf8, org.springframework.boot.test.autoconfigure.web.client.MockRestServiceServerResetTestExecutionListener@7235e50a, org.springframework.boot.test.autoconfigure.web.servlet.MockMvcPrintOnlyOnFailureTestExecutionListener@467c4137, org.springframework.boot.test.autoconfigure.web.servlet.WebDriverTestExecutionListener@5ece6470, org.springframework.boot.test.autoconfigure.webservices.client.MockWebServiceServerTestExecutionListener@2144772c, org.springframework.boot.test.mock.mockito.ResetMocksTestExecutionListener@7c84dbbb]
]]></system-out>
  <system-err><![CDATA[]]></system-err>
</testsuite>
