<?xml version="1.0" encoding="UTF-8"?>
<testsuite name="com.jumismo.citame.apiempresas.service.EntrepriseServiceTest" tests="1" skipped="0" failures="0" errors="0" timestamp="2021-02-07T01:02:35" hostname="DESKTOP-QHMUSIV" time="0.015">
  <properties/>
  <testcase name="getAllEntreprise()" classname="com.jumismo.citame.apiempresas.service.EntrepriseServiceTest" time="0.015"/>
  <system-out><![CDATA[2021-02-07 02:02:35.752  INFO 2280 --- [    Test worker] .b.t.c.SpringBootTestContextBootstrapper : Neither @ContextConfiguration nor @ContextHierarchy found for test class [com.jumismo.citame.apiempresas.service.EntrepriseServiceTest], using SpringBootContextLoader
2021-02-07 02:02:35.753  INFO 2280 --- [    Test worker] o.s.t.c.support.AbstractContextLoader    : Could not detect default resource locations for test class [com.jumismo.citame.apiempresas.service.EntrepriseServiceTest]: no resource found for suffixes {-context.xml, Context.groovy}.
2021-02-07 02:02:35.754  INFO 2280 --- [    Test worker] t.c.s.AnnotationConfigContextLoaderUtils : Could not detect default configuration classes for test class [com.jumismo.citame.apiempresas.service.EntrepriseServiceTest]: EntrepriseServiceTest does not declare any static, non-private, non-final, nested classes annotated with @Configuration.
2021-02-07 02:02:35.756  INFO 2280 --- [    Test worker] .b.t.c.SpringBootTestContextBootstrapper : Found @SpringBootConfiguration com.jumismo.citame.apiempresas.ApiCitameEsmpresasApplication for test class com.jumismo.citame.apiempresas.service.EntrepriseServiceTest
2021-02-07 02:02:35.758  INFO 2280 --- [    Test worker] .b.t.c.SpringBootTestContextBootstrapper : Loaded default TestExecutionListener class names from location [META-INF/spring.factories]: [org.springframework.boot.test.autoconfigure.restdocs.RestDocsTestExecutionListener, org.springframework.boot.test.autoconfigure.web.client.MockRestServiceServerResetTestExecutionListener, org.springframework.boot.test.autoconfigure.web.servlet.MockMvcPrintOnlyOnFailureTestExecutionListener, org.springframework.boot.test.autoconfigure.web.servlet.WebDriverTestExecutionListener, org.springframework.boot.test.autoconfigure.webservices.client.MockWebServiceServerTestExecutionListener, org.springframework.boot.test.mock.mockito.MockitoTestExecutionListener, org.springframework.boot.test.mock.mockito.ResetMocksTestExecutionListener, org.springframework.test.context.web.ServletTestExecutionListener, org.springframework.test.context.support.DirtiesContextBeforeModesTestExecutionListener, org.springframework.test.context.support.DependencyInjectionTestExecutionListener, org.springframework.test.context.support.DirtiesContextTestExecutionListener, org.springframework.test.context.transaction.TransactionalTestExecutionListener, org.springframework.test.context.jdbc.SqlScriptsTestExecutionListener, org.springframework.test.context.event.EventPublishingTestExecutionListener]
2021-02-07 02:02:35.758  INFO 2280 --- [    Test worker] .b.t.c.SpringBootTestContextBootstrapper : Using TestExecutionListeners: [org.springframework.test.context.web.ServletTestExecutionListener@4488d66e, org.springframework.test.context.support.DirtiesContextBeforeModesTestExecutionListener@17838685, org.springframework.boot.test.mock.mockito.MockitoTestExecutionListener@30c1b220, org.springframework.boot.test.autoconfigure.SpringBootDependencyInjectionTestExecutionListener@51198bc3, org.springframework.test.context.support.DirtiesContextTestExecutionListener@53a01c28, org.springframework.test.context.transaction.TransactionalTestExecutionListener@581c1f77, org.springframework.test.context.jdbc.SqlScriptsTestExecutionListener@65f1e6e6, org.springframework.test.context.event.EventPublishingTestExecutionListener@782b3e08, org.springframework.boot.test.autoconfigure.restdocs.RestDocsTestExecutionListener@2bb93c79, org.springframework.boot.test.autoconfigure.web.client.MockRestServiceServerResetTestExecutionListener@136679de, org.springframework.boot.test.autoconfigure.web.servlet.MockMvcPrintOnlyOnFailureTestExecutionListener@794a6b82, org.springframework.boot.test.autoconfigure.web.servlet.WebDriverTestExecutionListener@5830d1dd, org.springframework.boot.test.autoconfigure.webservices.client.MockWebServiceServerTestExecutionListener@3a887456, org.springframework.boot.test.mock.mockito.ResetMocksTestExecutionListener@1a004250]
]]></system-out>
  <system-err><![CDATA[]]></system-err>
</testsuite>
