<?xml version="1.0" encoding="UTF-8"?>
<testsuite name="com.jumismo.citame.apiempresas.service.EmployeeServiceTest" tests="9" skipped="0" failures="0" errors="0" timestamp="2021-02-25T20:57:49" hostname="DESKTOP-QHMUSIV" time="0.191">
  <properties/>
  <testcase name="updateEmployeeNotFoundTest()" classname="com.jumismo.citame.apiempresas.service.EmployeeServiceTest" time="0.034"/>
  <testcase name="getEmployeeTest()" classname="com.jumismo.citame.apiempresas.service.EmployeeServiceTest" time="0.061"/>
  <testcase name="deleteEmployeeNotFoundTest()" classname="com.jumismo.citame.apiempresas.service.EmployeeServiceTest" time="0.011"/>
  <testcase name="addEmployeeTest()" classname="com.jumismo.citame.apiempresas.service.EmployeeServiceTest" time="0.018"/>
  <testcase name="addEmployeeNotFoundTest()" classname="com.jumismo.citame.apiempresas.service.EmployeeServiceTest" time="0.009"/>
  <testcase name="getEmployeeNotFoundTest()" classname="com.jumismo.citame.apiempresas.service.EmployeeServiceTest" time="0.009"/>
  <testcase name="deleteEmployeeTest()" classname="com.jumismo.citame.apiempresas.service.EmployeeServiceTest" time="0.007"/>
  <testcase name="updateEmployeeTest()" classname="com.jumismo.citame.apiempresas.service.EmployeeServiceTest" time="0.014"/>
  <testcase name="getAllEmployeeTest()" classname="com.jumismo.citame.apiempresas.service.EmployeeServiceTest" time="0.012"/>
  <system-out><![CDATA[2021-02-25 21:57:49.918  INFO 14840 --- [    Test worker] .b.t.c.SpringBootTestContextBootstrapper : Neither @ContextConfiguration nor @ContextHierarchy found for test class [com.jumismo.citame.apiempresas.service.EmployeeServiceTest], using SpringBootContextLoader
2021-02-25 21:57:49.920  INFO 14840 --- [    Test worker] o.s.t.c.support.AbstractContextLoader    : Could not detect default resource locations for test class [com.jumismo.citame.apiempresas.service.EmployeeServiceTest]: no resource found for suffixes {-context.xml, Context.groovy}.
2021-02-25 21:57:49.920  INFO 14840 --- [    Test worker] t.c.s.AnnotationConfigContextLoaderUtils : Could not detect default configuration classes for test class [com.jumismo.citame.apiempresas.service.EmployeeServiceTest]: EmployeeServiceTest does not declare any static, non-private, non-final, nested classes annotated with @Configuration.
2021-02-25 21:57:49.928  INFO 14840 --- [    Test worker] .b.t.c.SpringBootTestContextBootstrapper : Found @SpringBootConfiguration com.jumismo.citame.apiempresas.ApiCitameEsmpresasApplication for test class com.jumismo.citame.apiempresas.service.EmployeeServiceTest
2021-02-25 21:57:49.931  INFO 14840 --- [    Test worker] .b.t.c.SpringBootTestContextBootstrapper : Loaded default TestExecutionListener class names from location [META-INF/spring.factories]: [org.springframework.boot.test.autoconfigure.restdocs.RestDocsTestExecutionListener, org.springframework.boot.test.autoconfigure.web.client.MockRestServiceServerResetTestExecutionListener, org.springframework.boot.test.autoconfigure.web.servlet.MockMvcPrintOnlyOnFailureTestExecutionListener, org.springframework.boot.test.autoconfigure.web.servlet.WebDriverTestExecutionListener, org.springframework.boot.test.autoconfigure.webservices.client.MockWebServiceServerTestExecutionListener, org.springframework.boot.test.mock.mockito.MockitoTestExecutionListener, org.springframework.boot.test.mock.mockito.ResetMocksTestExecutionListener, org.springframework.test.context.web.ServletTestExecutionListener, org.springframework.test.context.support.DirtiesContextBeforeModesTestExecutionListener, org.springframework.test.context.support.DependencyInjectionTestExecutionListener, org.springframework.test.context.support.DirtiesContextTestExecutionListener, org.springframework.test.context.transaction.TransactionalTestExecutionListener, org.springframework.test.context.jdbc.SqlScriptsTestExecutionListener, org.springframework.test.context.event.EventPublishingTestExecutionListener]
2021-02-25 21:57:49.932  INFO 14840 --- [    Test worker] .b.t.c.SpringBootTestContextBootstrapper : Using TestExecutionListeners: [org.springframework.test.context.web.ServletTestExecutionListener@6d5499fc, org.springframework.test.context.support.DirtiesContextBeforeModesTestExecutionListener@1e47fbe7, org.springframework.boot.test.mock.mockito.MockitoTestExecutionListener@49ca78c9, org.springframework.boot.test.autoconfigure.SpringBootDependencyInjectionTestExecutionListener@21e26252, org.springframework.test.context.support.DirtiesContextTestExecutionListener@683094eb, org.springframework.test.context.transaction.TransactionalTestExecutionListener@4989d2c9, org.springframework.test.context.jdbc.SqlScriptsTestExecutionListener@531ff701, org.springframework.test.context.event.EventPublishingTestExecutionListener@615dffc2, org.springframework.boot.test.autoconfigure.restdocs.RestDocsTestExecutionListener@da6b8ce, org.springframework.boot.test.autoconfigure.web.client.MockRestServiceServerResetTestExecutionListener@a3e2c29, org.springframework.boot.test.autoconfigure.web.servlet.MockMvcPrintOnlyOnFailureTestExecutionListener@26357590, org.springframework.boot.test.autoconfigure.web.servlet.WebDriverTestExecutionListener@28982d7b, org.springframework.boot.test.autoconfigure.webservices.client.MockWebServiceServerTestExecutionListener@1040906e, org.springframework.boot.test.mock.mockito.ResetMocksTestExecutionListener@6be4a92b]
2021-02-25 21:57:49.966 ERROR 14840 --- [    Test worker] c.j.c.a.s.impl.EmployeeServiceImpl       : El empleado no ha sido encontrado
2021-02-25 21:57:50.040 ERROR 14840 --- [    Test worker] c.j.c.a.s.impl.EmployeeServiceImpl       : El empleado no ha sido encontrado
2021-02-25 21:57:50.072 ERROR 14840 --- [    Test worker] c.j.c.a.s.impl.EmployeeServiceImpl       : Error al obtener la empresa con ID: 1
2021-02-25 21:57:50.082  INFO 14840 --- [    Test worker] c.j.c.a.s.impl.EmployeeServiceImpl       : El empleado no ha sido encontrado
]]></system-out>
  <system-err><![CDATA[]]></system-err>
</testsuite>
