<?xml version="1.0" encoding="UTF-8"?>
<testsuite name="com.jumismo.citame.apiempresas.dao.EntrepriseDAOTest" tests="3" skipped="0" failures="0" errors="0" timestamp="2021-02-25T20:57:49" hostname="DESKTOP-QHMUSIV" time="0.123">
  <properties/>
  <testcase name="addEntrepriseTest()" classname="com.jumismo.citame.apiempresas.dao.EntrepriseDAOTest" time="0.019"/>
  <testcase name="getEntrepriseByIdTest()" classname="com.jumismo.citame.apiempresas.dao.EntrepriseDAOTest" time="0.094"/>
  <testcase name="getAllEntrepriseTest()" classname="com.jumismo.citame.apiempresas.dao.EntrepriseDAOTest" time="0.006"/>
  <system-out><![CDATA[2021-02-25 21:57:49.709  INFO 14840 --- [    Test worker] .b.t.c.SpringBootTestContextBootstrapper : Neither @ContextConfiguration nor @ContextHierarchy found for test class [com.jumismo.citame.apiempresas.dao.EntrepriseDAOTest], using SpringBootContextLoader
2021-02-25 21:57:49.710  INFO 14840 --- [    Test worker] o.s.t.c.support.AbstractContextLoader    : Could not detect default resource locations for test class [com.jumismo.citame.apiempresas.dao.EntrepriseDAOTest]: no resource found for suffixes {-context.xml, Context.groovy}.
2021-02-25 21:57:49.711  INFO 14840 --- [    Test worker] t.c.s.AnnotationConfigContextLoaderUtils : Could not detect default configuration classes for test class [com.jumismo.citame.apiempresas.dao.EntrepriseDAOTest]: EntrepriseDAOTest does not declare any static, non-private, non-final, nested classes annotated with @Configuration.
2021-02-25 21:57:49.713  INFO 14840 --- [    Test worker] .b.t.c.SpringBootTestContextBootstrapper : Found @SpringBootConfiguration com.jumismo.citame.apiempresas.ApiCitameEsmpresasApplication for test class com.jumismo.citame.apiempresas.dao.EntrepriseDAOTest
2021-02-25 21:57:49.715  INFO 14840 --- [    Test worker] .b.t.c.SpringBootTestContextBootstrapper : Loaded default TestExecutionListener class names from location [META-INF/spring.factories]: [org.springframework.boot.test.autoconfigure.restdocs.RestDocsTestExecutionListener, org.springframework.boot.test.autoconfigure.web.client.MockRestServiceServerResetTestExecutionListener, org.springframework.boot.test.autoconfigure.web.servlet.MockMvcPrintOnlyOnFailureTestExecutionListener, org.springframework.boot.test.autoconfigure.web.servlet.WebDriverTestExecutionListener, org.springframework.boot.test.autoconfigure.webservices.client.MockWebServiceServerTestExecutionListener, org.springframework.boot.test.mock.mockito.MockitoTestExecutionListener, org.springframework.boot.test.mock.mockito.ResetMocksTestExecutionListener, org.springframework.test.context.web.ServletTestExecutionListener, org.springframework.test.context.support.DirtiesContextBeforeModesTestExecutionListener, org.springframework.test.context.support.DependencyInjectionTestExecutionListener, org.springframework.test.context.support.DirtiesContextTestExecutionListener, org.springframework.test.context.transaction.TransactionalTestExecutionListener, org.springframework.test.context.jdbc.SqlScriptsTestExecutionListener, org.springframework.test.context.event.EventPublishingTestExecutionListener]
2021-02-25 21:57:49.716  INFO 14840 --- [    Test worker] .b.t.c.SpringBootTestContextBootstrapper : Using TestExecutionListeners: [org.springframework.test.context.web.ServletTestExecutionListener@65b61d9f, org.springframework.test.context.support.DirtiesContextBeforeModesTestExecutionListener@643fe3a9, org.springframework.boot.test.mock.mockito.MockitoTestExecutionListener@3eba7301, org.springframework.boot.test.autoconfigure.SpringBootDependencyInjectionTestExecutionListener@34ea4d2d, org.springframework.test.context.support.DirtiesContextTestExecutionListener@61e5f4ca, org.springframework.test.context.transaction.TransactionalTestExecutionListener@7adc71f4, org.springframework.test.context.jdbc.SqlScriptsTestExecutionListener@171327d5, org.springframework.test.context.event.EventPublishingTestExecutionListener@71f6933f, org.springframework.boot.test.autoconfigure.restdocs.RestDocsTestExecutionListener@3ffb6a6f, org.springframework.boot.test.autoconfigure.web.client.MockRestServiceServerResetTestExecutionListener@2631ffb5, org.springframework.boot.test.autoconfigure.web.servlet.MockMvcPrintOnlyOnFailureTestExecutionListener@28125929, org.springframework.boot.test.autoconfigure.web.servlet.WebDriverTestExecutionListener@6d38587f, org.springframework.boot.test.autoconfigure.webservices.client.MockWebServiceServerTestExecutionListener@9f4efa5, org.springframework.boot.test.mock.mockito.ResetMocksTestExecutionListener@20917579]
]]></system-out>
  <system-err><![CDATA[]]></system-err>
</testsuite>
