<?xml version="1.0" encoding="UTF-8"?>
<testsuite name="com.jumismo.citame.apiempresas.service.EntrepriseServiceTest" tests="8" skipped="0" failures="0" errors="0" timestamp="2021-02-25T20:57:50" hostname="DESKTOP-QHMUSIV" time="0.076">
  <properties/>
  <testcase name="updateEntrepriseTest()" classname="com.jumismo.citame.apiempresas.service.EntrepriseServiceTest" time="0.013"/>
  <testcase name="getAllEntrepriseTest()" classname="com.jumismo.citame.apiempresas.service.EntrepriseServiceTest" time="0.011"/>
  <testcase name="deleteEntrepriseNotFoundTest()" classname="com.jumismo.citame.apiempresas.service.EntrepriseServiceTest" time="0.007"/>
  <testcase name="getNotFoundEntrepriseTest()" classname="com.jumismo.citame.apiempresas.service.EntrepriseServiceTest" time="0.006"/>
  <testcase name="deleteEntrepriseTest()" classname="com.jumismo.citame.apiempresas.service.EntrepriseServiceTest" time="0.006"/>
  <testcase name="getEntrepriseTest()" classname="com.jumismo.citame.apiempresas.service.EntrepriseServiceTest" time="0.008"/>
  <testcase name="saveEntrepriseTest()" classname="com.jumismo.citame.apiempresas.service.EntrepriseServiceTest" time="0.008"/>
  <testcase name="updateEntrepriseNotFoundTest()" classname="com.jumismo.citame.apiempresas.service.EntrepriseServiceTest" time="0.006"/>
  <system-out><![CDATA[2021-02-25 21:57:50.130  INFO 14840 --- [    Test worker] .b.t.c.SpringBootTestContextBootstrapper : Neither @ContextConfiguration nor @ContextHierarchy found for test class [com.jumismo.citame.apiempresas.service.EntrepriseServiceTest], using SpringBootContextLoader
2021-02-25 21:57:50.131  INFO 14840 --- [    Test worker] o.s.t.c.support.AbstractContextLoader    : Could not detect default resource locations for test class [com.jumismo.citame.apiempresas.service.EntrepriseServiceTest]: no resource found for suffixes {-context.xml, Context.groovy}.
2021-02-25 21:57:50.132  INFO 14840 --- [    Test worker] t.c.s.AnnotationConfigContextLoaderUtils : Could not detect default configuration classes for test class [com.jumismo.citame.apiempresas.service.EntrepriseServiceTest]: EntrepriseServiceTest does not declare any static, non-private, non-final, nested classes annotated with @Configuration.
2021-02-25 21:57:50.134  INFO 14840 --- [    Test worker] .b.t.c.SpringBootTestContextBootstrapper : Found @SpringBootConfiguration com.jumismo.citame.apiempresas.ApiCitameEsmpresasApplication for test class com.jumismo.citame.apiempresas.service.EntrepriseServiceTest
2021-02-25 21:57:50.137  INFO 14840 --- [    Test worker] .b.t.c.SpringBootTestContextBootstrapper : Loaded default TestExecutionListener class names from location [META-INF/spring.factories]: [org.springframework.boot.test.autoconfigure.restdocs.RestDocsTestExecutionListener, org.springframework.boot.test.autoconfigure.web.client.MockRestServiceServerResetTestExecutionListener, org.springframework.boot.test.autoconfigure.web.servlet.MockMvcPrintOnlyOnFailureTestExecutionListener, org.springframework.boot.test.autoconfigure.web.servlet.WebDriverTestExecutionListener, org.springframework.boot.test.autoconfigure.webservices.client.MockWebServiceServerTestExecutionListener, org.springframework.boot.test.mock.mockito.MockitoTestExecutionListener, org.springframework.boot.test.mock.mockito.ResetMocksTestExecutionListener, org.springframework.test.context.web.ServletTestExecutionListener, org.springframework.test.context.support.DirtiesContextBeforeModesTestExecutionListener, org.springframework.test.context.support.DependencyInjectionTestExecutionListener, org.springframework.test.context.support.DirtiesContextTestExecutionListener, org.springframework.test.context.transaction.TransactionalTestExecutionListener, org.springframework.test.context.jdbc.SqlScriptsTestExecutionListener, org.springframework.test.context.event.EventPublishingTestExecutionListener]
2021-02-25 21:57:50.138  INFO 14840 --- [    Test worker] .b.t.c.SpringBootTestContextBootstrapper : Using TestExecutionListeners: [org.springframework.test.context.web.ServletTestExecutionListener@7c91daf2, org.springframework.test.context.support.DirtiesContextBeforeModesTestExecutionListener@6e366209, org.springframework.boot.test.mock.mockito.MockitoTestExecutionListener@231541c9, org.springframework.boot.test.autoconfigure.SpringBootDependencyInjectionTestExecutionListener@5a57c2ce, org.springframework.test.context.support.DirtiesContextTestExecutionListener@2863c53c, org.springframework.test.context.transaction.TransactionalTestExecutionListener@7598cc13, org.springframework.test.context.jdbc.SqlScriptsTestExecutionListener@7c0ac060, org.springframework.test.context.event.EventPublishingTestExecutionListener@18af3c9d, org.springframework.boot.test.autoconfigure.restdocs.RestDocsTestExecutionListener@2ed34091, org.springframework.boot.test.autoconfigure.web.client.MockRestServiceServerResetTestExecutionListener@1d18f90c, org.springframework.boot.test.autoconfigure.web.servlet.MockMvcPrintOnlyOnFailureTestExecutionListener@373b230f, org.springframework.boot.test.autoconfigure.web.servlet.WebDriverTestExecutionListener@5691aaa1, org.springframework.boot.test.autoconfigure.webservices.client.MockWebServiceServerTestExecutionListener@6272bf2a, org.springframework.boot.test.mock.mockito.ResetMocksTestExecutionListener@38f8faf1]
2021-02-25 21:57:50.172 ERROR 14840 --- [    Test worker] c.j.c.a.s.impl.EntrepriseServiceImpl     : La empresa no ha sido encontrada
2021-02-25 21:57:50.180  INFO 14840 --- [    Test worker] c.j.c.a.s.impl.EntrepriseServiceImpl     : La empresa no ha sido encontrada
2021-02-25 21:57:50.216  INFO 14840 --- [    Test worker] c.j.c.a.s.impl.EntrepriseServiceImpl     : La empresa no ha sido encontrada
]]></system-out>
  <system-err><![CDATA[]]></system-err>
</testsuite>
