<?xml version="1.0" encoding="UTF-8"?>
<testsuite name="com.jumismo.citame.apiempresas.dao.EmployeeDAOTest" tests="1" skipped="0" failures="0" errors="0" timestamp="2021-02-07T01:02:35" hostname="DESKTOP-QHMUSIV" time="0.083">
  <properties/>
  <testcase name="addEmployeeTest()" classname="com.jumismo.citame.apiempresas.dao.EmployeeDAOTest" time="0.083"/>
  <system-out><![CDATA[02:02:26.254 [Test worker] DEBUG org.springframework.test.context.BootstrapUtils - Instantiating CacheAwareContextLoaderDelegate from class [org.springframework.test.context.cache.DefaultCacheAwareContextLoaderDelegate]
02:02:26.309 [Test worker] DEBUG org.springframework.test.context.BootstrapUtils - Instantiating BootstrapContext using constructor [public org.springframework.test.context.support.DefaultBootstrapContext(java.lang.Class,org.springframework.test.context.CacheAwareContextLoaderDelegate)]
02:02:26.384 [Test worker] DEBUG org.springframework.test.context.BootstrapUtils - Instantiating TestContextBootstrapper for test class [com.jumismo.citame.apiempresas.dao.EmployeeDAOTest] from class [org.springframework.boot.test.context.SpringBootTestContextBootstrapper]
02:02:26.427 [Test worker] INFO org.springframework.boot.test.context.SpringBootTestContextBootstrapper - Neither @ContextConfiguration nor @ContextHierarchy found for test class [com.jumismo.citame.apiempresas.dao.EmployeeDAOTest], using SpringBootContextLoader
02:02:26.441 [Test worker] DEBUG org.springframework.test.context.support.AbstractContextLoader - Did not detect default resource location for test class [com.jumismo.citame.apiempresas.dao.EmployeeDAOTest]: class path resource [com/jumismo/citame/apiempresas/dao/EmployeeDAOTest-context.xml] does not exist
02:02:26.442 [Test worker] DEBUG org.springframework.test.context.support.AbstractContextLoader - Did not detect default resource location for test class [com.jumismo.citame.apiempresas.dao.EmployeeDAOTest]: class path resource [com/jumismo/citame/apiempresas/dao/EmployeeDAOTestContext.groovy] does not exist
02:02:26.442 [Test worker] INFO org.springframework.test.context.support.AbstractContextLoader - Could not detect default resource locations for test class [com.jumismo.citame.apiempresas.dao.EmployeeDAOTest]: no resource found for suffixes {-context.xml, Context.groovy}.
02:02:26.445 [Test worker] INFO org.springframework.test.context.support.AnnotationConfigContextLoaderUtils - Could not detect default configuration classes for test class [com.jumismo.citame.apiempresas.dao.EmployeeDAOTest]: EmployeeDAOTest does not declare any static, non-private, non-final, nested classes annotated with @Configuration.
02:02:26.535 [Test worker] DEBUG org.springframework.test.context.support.ActiveProfilesUtils - Could not find an 'annotation declaring class' for annotation type [org.springframework.test.context.ActiveProfiles] and class [com.jumismo.citame.apiempresas.dao.EmployeeDAOTest]
02:02:26.720 [Test worker] DEBUG org.springframework.context.annotation.ClassPathScanningCandidateComponentProvider - Identified candidate component class: file [C:\Spring\workspace\Citame\api_citame_empresas\build\classes\java\main\com\jumismo\citame\apiempresas\ApiCitameEsmpresasApplication.class]
02:02:26.722 [Test worker] INFO org.springframework.boot.test.context.SpringBootTestContextBootstrapper - Found @SpringBootConfiguration com.jumismo.citame.apiempresas.ApiCitameEsmpresasApplication for test class com.jumismo.citame.apiempresas.dao.EmployeeDAOTest
02:02:26.987 [Test worker] DEBUG org.springframework.boot.test.context.SpringBootTestContextBootstrapper - @TestExecutionListeners is not present for class [com.jumismo.citame.apiempresas.dao.EmployeeDAOTest]: using defaults.
02:02:26.989 [Test worker] INFO org.springframework.boot.test.context.SpringBootTestContextBootstrapper - Loaded default TestExecutionListener class names from location [META-INF/spring.factories]: [org.springframework.boot.test.autoconfigure.restdocs.RestDocsTestExecutionListener, org.springframework.boot.test.autoconfigure.web.client.MockRestServiceServerResetTestExecutionListener, org.springframework.boot.test.autoconfigure.web.servlet.MockMvcPrintOnlyOnFailureTestExecutionListener, org.springframework.boot.test.autoconfigure.web.servlet.WebDriverTestExecutionListener, org.springframework.boot.test.autoconfigure.webservices.client.MockWebServiceServerTestExecutionListener, org.springframework.boot.test.mock.mockito.MockitoTestExecutionListener, org.springframework.boot.test.mock.mockito.ResetMocksTestExecutionListener, org.springframework.test.context.web.ServletTestExecutionListener, org.springframework.test.context.support.DirtiesContextBeforeModesTestExecutionListener, org.springframework.test.context.support.DependencyInjectionTestExecutionListener, org.springframework.test.context.support.DirtiesContextTestExecutionListener, org.springframework.test.context.transaction.TransactionalTestExecutionListener, org.springframework.test.context.jdbc.SqlScriptsTestExecutionListener, org.springframework.test.context.event.EventPublishingTestExecutionListener]
02:02:27.027 [Test worker] INFO org.springframework.boot.test.context.SpringBootTestContextBootstrapper - Using TestExecutionListeners: [org.springframework.test.context.web.ServletTestExecutionListener@7b11ce36, org.springframework.test.context.support.DirtiesContextBeforeModesTestExecutionListener@546135f, org.springframework.boot.test.mock.mockito.MockitoTestExecutionListener@7fff4533, org.springframework.boot.test.autoconfigure.SpringBootDependencyInjectionTestExecutionListener@6aa57d3, org.springframework.test.context.support.DirtiesContextTestExecutionListener@73bf594e, org.springframework.test.context.transaction.TransactionalTestExecutionListener@46d6708d, org.springframework.test.context.jdbc.SqlScriptsTestExecutionListener@430573b9, org.springframework.test.context.event.EventPublishingTestExecutionListener@17c5a0c5, org.springframework.boot.test.autoconfigure.restdocs.RestDocsTestExecutionListener@1eb9ee5a, org.springframework.boot.test.autoconfigure.web.client.MockRestServiceServerResetTestExecutionListener@6b1eb718, org.springframework.boot.test.autoconfigure.web.servlet.MockMvcPrintOnlyOnFailureTestExecutionListener@3ee9979, org.springframework.boot.test.autoconfigure.web.servlet.WebDriverTestExecutionListener@3997d249, org.springframework.boot.test.autoconfigure.webservices.client.MockWebServiceServerTestExecutionListener@680d301f, org.springframework.boot.test.mock.mockito.ResetMocksTestExecutionListener@7635fc71]
02:02:27.035 [Test worker] DEBUG org.springframework.test.context.support.AbstractDirtiesContextTestExecutionListener - Before test class: context [DefaultTestContext@666c7380 testClass = EmployeeDAOTest, testInstance = [null], testMethod = [null], testException = [null], mergedContextConfiguration = [WebMergedContextConfiguration@19112c61 testClass = EmployeeDAOTest, locations = '{}', classes = '{class com.jumismo.citame.apiempresas.ApiCitameEsmpresasApplication}', contextInitializerClasses = '[]', activeProfiles = '{}', propertySourceLocations = '{}', propertySourceProperties = '{org.springframework.boot.test.context.SpringBootTestContextBootstrapper=true}', contextCustomizers = set[org.springframework.boot.test.autoconfigure.properties.PropertyMappingContextCustomizer@0, org.springframework.boot.test.autoconfigure.web.servlet.WebDriverContextCustomizerFactory$Customizer@20f5eeb3, org.springframework.boot.test.context.filter.ExcludeFilterContextCustomizer@46095773, org.springframework.boot.test.json.DuplicateJsonObjectContextCustomizerFactory$DuplicateJsonObjectContextCustomizer@788cef53, org.springframework.boot.test.mock.mockito.MockitoContextCustomizer@0, org.springframework.boot.test.web.client.TestRestTemplateContextCustomizer@6436d651, org.springframework.boot.test.context.SpringBootTestArgs@1], resourceBasePath = 'src/main/webapp', contextLoader = 'org.springframework.boot.test.context.SpringBootContextLoader', parent = [null]], attributes = map['org.springframework.test.context.web.ServletTestExecutionListener.activateListener' -> true]], class annotated with @DirtiesContext [false] with mode [null].
02:02:27.106 [Test worker] DEBUG org.springframework.test.context.support.TestPropertySourceUtils - Adding inlined properties to environment: {spring.jmx.enabled=false, org.springframework.boot.test.context.SpringBootTestContextBootstrapper=true}

  .   ____          _            __ _ _
 /\\ / ___'_ __ _ _(_)_ __  __ _ \ \ \ \
( ( )\___ | '_ | '_| | '_ \/ _` | \ \ \ \
 \\/  ___)| |_)| | | | | || (_| |  ) ) ) )
  '  |____| .__|_| |_|_| |_\__, | / / / /
 =========|_|==============|___/=/_/_/_/
 :: Spring Boot ::        (v2.3.3.RELEASE)

2021-02-07 02:02:27.676  INFO 2280 --- [    Test worker] c.j.c.apiempresas.dao.EmployeeDAOTest    : Starting EmployeeDAOTest on DESKTOP-QHMUSIV with PID 2280 (started by juanm in C:\Spring\workspace\Citame\api_citame_empresas)
2021-02-07 02:02:27.678  INFO 2280 --- [    Test worker] c.j.c.apiempresas.dao.EmployeeDAOTest    : No active profile set, falling back to default profiles: default
2021-02-07 02:02:29.384  INFO 2280 --- [    Test worker] .s.d.r.c.RepositoryConfigurationDelegate : Bootstrapping Spring Data JPA repositories in DEFERRED mode.
2021-02-07 02:02:29.509  INFO 2280 --- [    Test worker] .s.d.r.c.RepositoryConfigurationDelegate : Finished Spring Data repository scanning in 107ms. Found 2 JPA repository interfaces.
2021-02-07 02:02:30.601  INFO 2280 --- [    Test worker] o.s.s.concurrent.ThreadPoolTaskExecutor  : Initializing ExecutorService 'applicationTaskExecutor'
2021-02-07 02:02:30.719  INFO 2280 --- [         task-1] o.hibernate.jpa.internal.util.LogHelper  : HHH000204: Processing PersistenceUnitInfo [name: default]
2021-02-07 02:02:30.850  INFO 2280 --- [         task-1] org.hibernate.Version                    : HHH000412: Hibernate ORM core version 5.4.20.Final
2021-02-07 02:02:31.219  INFO 2280 --- [         task-1] o.hibernate.annotations.common.Version   : HCANN000001: Hibernate Commons Annotations {5.1.0.Final}
2021-02-07 02:02:31.414  WARN 2280 --- [    Test worker] JpaBaseConfiguration$JpaWebConfiguration : spring.jpa.open-in-view is enabled by default. Therefore, database queries may be performed during view rendering. Explicitly configure spring.jpa.open-in-view to disable this warning
2021-02-07 02:02:31.510  INFO 2280 --- [         task-1] com.zaxxer.hikari.HikariDataSource       : HikariPool-1 - Starting...
2021-02-07 02:02:32.036  INFO 2280 --- [    Test worker] pertySourcedRequestMappingHandlerMapping : Mapped URL path [/v2/api-docs] onto method [springfox.documentation.swagger2.web.Swagger2Controller#getDocumentation(String, HttpServletRequest)]
2021-02-07 02:02:32.287  INFO 2280 --- [         task-1] com.zaxxer.hikari.HikariDataSource       : HikariPool-1 - Start completed.
2021-02-07 02:02:32.340  INFO 2280 --- [         task-1] org.hibernate.dialect.Dialect            : HHH000400: Using dialect: org.hibernate.dialect.MySQL5InnoDBDialect
2021-02-07 02:02:33.259  INFO 2280 --- [    Test worker] d.s.w.p.DocumentationPluginsBootstrapper : Context refreshed
2021-02-07 02:02:33.318  INFO 2280 --- [    Test worker] d.s.w.p.DocumentationPluginsBootstrapper : Found 1 custom documentation plugin(s)
2021-02-07 02:02:33.386  INFO 2280 --- [    Test worker] s.d.s.w.s.ApiListingReferenceScanner     : Scanning for api listing references
2021-02-07 02:02:33.778  INFO 2280 --- [    Test worker] DeferredRepositoryInitializationListener : Triggering deferred initialization of Spring Data repositories…
2021-02-07 02:02:34.550  INFO 2280 --- [         task-1] o.h.e.t.j.p.i.JtaPlatformInitiator       : HHH000490: Using JtaPlatform implementation: [org.hibernate.engine.transaction.jta.platform.internal.NoJtaPlatform]
2021-02-07 02:02:34.579  INFO 2280 --- [         task-1] j.LocalContainerEntityManagerFactoryBean : Initialized JPA EntityManagerFactory for persistence unit 'default'
2021-02-07 02:02:34.907  INFO 2280 --- [    Test worker] DeferredRepositoryInitializationListener : Spring Data repositories initialized!
2021-02-07 02:02:34.918  INFO 2280 --- [    Test worker] c.j.c.apiempresas.dao.EmployeeDAOTest    : Started EmployeeDAOTest in 7.79 seconds (JVM running for 10.371)
]]></system-out>
  <system-err><![CDATA[]]></system-err>
</testsuite>
